<?xml version="1.0" encoding="UTF-8"?>
<!-- Generated by org.testng.reporters.JUnitReportReporter -->
<testsuite hostname="DESKTOP-5IVSICI" name="cucumberOptions.TestRunner" tests="1" failures="0" timestamp="4 May 2020 05:27:33 GMT" time="0.098" errors="0">
  <testcase name="feature" time="0.098" classname="cucumberOptions.TestRunner"/>
</testsuite> <!-- cucumberOptions.TestRunner -->
